<?xml version="1.0" encoding="UTF-8"?>
<testng-results skipped="0" failed="1" ignored="0" total="3" passed="2">
  <reporter-output>
  </reporter-output>
  <suite name="Default suite" duration-ms="9331" started-at="2019-01-13T13:44:42Z" finished-at="2019-01-13T13:44:51Z">
    <groups>
    </groups>
    <test name="Default test" duration-ms="9331" started-at="2019-01-13T13:44:42Z" finished-at="2019-01-13T13:44:51Z">
      <class name="singleTonInSeleniumFramework.SingleTonTestFile">
        <test-method status="PASS" signature="open()[pri:0, instance:singleTonInSeleniumFramework.SingleTonTestFile@13deb50e]" name="open" is-config="true" duration-ms="4298" started-at="2019-01-13T13:44:42Z" finished-at="2019-01-13T13:44:46Z">
          <reporter-output>
          </reporter-output>
        </test-method> <!-- open -->
        <test-method status="PASS" signature="testMethod1()[pri:0, instance:singleTonInSeleniumFramework.SingleTonTestFile@13deb50e]" name="testMethod1" duration-ms="2987" started-at="2019-01-13T13:44:46Z" finished-at="2019-01-13T13:44:49Z">
          <reporter-output>
          </reporter-output>
        </test-method> <!-- testMethod1 -->
        <test-method status="FAIL" signature="testMethod2()[pri:1, instance:singleTonInSeleniumFramework.SingleTonTestFile@13deb50e]" name="testMethod2" duration-ms="18" started-at="2019-01-13T13:44:49Z" finished-at="2019-01-13T13:44:49Z">
          <exception class="java.lang.AssertionError">
            <message>
              <![CDATA[expected [x] but found [Google]]]>
            </message>
            <full-stacktrace>
              <![CDATA[java.lang.AssertionError: expected [x] but found [Google]
at org.testng.Assert.fail(Assert.java:96)
at org.testng.Assert.failNotEquals(Assert.java:776)
at org.testng.Assert.assertEqualsImpl(Assert.java:137)
at org.testng.Assert.assertEquals(Assert.java:118)
at org.testng.Assert.assertEquals(Assert.java:453)
at org.testng.Assert.assertEquals(Assert.java:463)
at singleTonInSeleniumFramework.SingleTonTestFile.testMethod2(SingleTonTestFile.java:35)
at sun.reflect.NativeMethodAccessorImpl.invoke0(Native Method)
at sun.reflect.NativeMethodAccessorImpl.invoke(Unknown Source)
at sun.reflect.DelegatingMethodAccessorImpl.invoke(Unknown Source)
at java.lang.reflect.Method.invoke(Unknown Source)
at org.testng.internal.MethodInvocationHelper.invokeMethod(MethodInvocationHelper.java:124)
at org.testng.internal.Invoker.invokeMethod(Invoker.java:583)
at org.testng.internal.Invoker.invokeTestMethod(Invoker.java:719)
at org.testng.internal.Invoker.invokeTestMethods(Invoker.java:989)
at org.testng.internal.TestMethodWorker.invokeTestMethods(TestMethodWorker.java:125)
at org.testng.internal.TestMethodWorker.run(TestMethodWorker.java:109)
at org.testng.TestRunner.privateRun(TestRunner.java:648)
at org.testng.TestRunner.run(TestRunner.java:505)
at org.testng.SuiteRunner.runTest(SuiteRunner.java:455)
at org.testng.SuiteRunner.runSequentially(SuiteRunner.java:450)
at org.testng.SuiteRunner.privateRun(SuiteRunner.java:415)
at org.testng.SuiteRunner.run(SuiteRunner.java:364)
at org.testng.SuiteRunnerWorker.runSuite(SuiteRunnerWorker.java:52)
at org.testng.SuiteRunnerWorker.run(SuiteRunnerWorker.java:84)
at org.testng.TestNG.runSuitesSequentially(TestNG.java:1208)
at org.testng.TestNG.runSuitesLocally(TestNG.java:1137)
at org.testng.TestNG.runSuites(TestNG.java:1049)
at org.testng.TestNG.run(TestNG.java:1017)
at org.testng.remote.AbstractRemoteTestNG.run(AbstractRemoteTestNG.java:114)
at org.testng.remote.RemoteTestNG.initAndRun(RemoteTestNG.java:251)
at org.testng.remote.RemoteTestNG.main(RemoteTestNG.java:77)
]]>
            </full-stacktrace>
          </exception> <!-- java.lang.AssertionError -->
          <reporter-output>
          </reporter-output>
        </test-method> <!-- testMethod2 -->
        <test-method status="PASS" signature="maximizeWindow()[pri:2, instance:singleTonInSeleniumFramework.SingleTonTestFile@13deb50e]" name="maximizeWindow" duration-ms="1190" started-at="2019-01-13T13:44:49Z" finished-at="2019-01-13T13:44:51Z">
          <reporter-output>
          </reporter-output>
        </test-method> <!-- maximizeWindow -->
        <test-method status="PASS" signature="quit()[pri:0, instance:singleTonInSeleniumFramework.SingleTonTestFile@13deb50e]" name="quit" is-config="true" duration-ms="776" started-at="2019-01-13T13:44:51Z" finished-at="2019-01-13T13:44:51Z">
          <reporter-output>
          </reporter-output>
        </test-method> <!-- quit -->
      </class> <!-- singleTonInSeleniumFramework.SingleTonTestFile -->
    </test> <!-- Default test -->
  </suite> <!-- Default suite -->
</testng-results>
